2025-03-31 07:30:46,973 - werkzeug - INFO -  * Detected change in 'C:\\Users\\willian.cavalcante\\Documents\\rastreio\\_app.py', reloading
2025-03-31 07:30:47,048 - werkzeug - INFO -  * Restarting with stat
2025-03-31 07:30:48,164 - apscheduler.scheduler - INFO - Scheduler started
2025-03-31 07:30:48,166 - apscheduler.scheduler - INFO - Added job "buscar_e_processar_nfes" to job store "default"
2025-03-31 07:30:48,169 - apscheduler.executors.default - INFO - Running job "buscar_e_processar_nfes (trigger: interval[0:05:00], next run at: 2025-03-31 07:30:48 -03)" (scheduled at 2025-03-31 07:30:48.165388-03:00)
2025-03-31 07:30:48,169 - __main__ - INFO - Iniciando processamento de NF-es não entregues
2025-03-31 07:30:48,182 - werkzeug - WARNING -  * Debugger is active!
2025-03-31 07:30:48,186 - werkzeug - INFO -  * Debugger PIN: 138-737-687
2025-03-31 07:30:48,212 - mysql.connector - INFO - package: mysql.connector.plugins
2025-03-31 07:30:48,212 - mysql.connector - INFO - plugin_name: mysql_native_password
2025-03-31 07:30:48,214 - mysql.connector - INFO - AUTHENTICATION_PLUGIN_CLASS: MySQLNativePasswordAuthPlugin
2025-03-31 07:30:48,226 - __main__ - INFO - Conexão MySQL estabelecida (tentativa 1/3)
2025-03-31 07:30:48,458 - __main__ - INFO - Total de NF-es não entregues a processar: 100
2025-03-31 07:30:48,459 - __main__ - INFO - Processando NF-e 1/100: 258579 (Status atual: NAO_ENCONTRADO
2025-03-31 07:30:48,566 - __main__ - WARNING - API retornou sucesso=False: Nenhum documento localizado
2025-03-31 07:30:48,567 - __main__ - INFO - Conexão MySQL estabelecida (tentativa 1/3)
2025-03-31 07:30:48,571 - __main__ - INFO - NF-e 258579 não encontrada - atualizado status
2025-03-31 07:30:48,573 - __main__ - INFO - Processando NF-e 2/100: 258600 (Status atual: NAO_ENCONTRADO
2025-03-31 07:30:48,668 - __main__ - WARNING - API retornou sucesso=False: Nenhum documento localizado
2025-03-31 07:30:48,669 - __main__ - INFO - Conexão MySQL estabelecida (tentativa 1/3)
2025-03-31 07:30:48,673 - __main__ - INFO - NF-e 258600 não encontrada - atualizado status
2025-03-31 07:30:48,675 - __main__ - INFO - Processando NF-e 3/100: 258600 (Status atual: NAO_ENCONTRADO
2025-03-31 07:30:48,805 - __main__ - WARNING - API retornou sucesso=False: Nenhum documento localizado
2025-03-31 07:30:48,806 - __main__ - INFO - Conexão MySQL estabelecida (tentativa 1/3)
2025-03-31 07:30:48,810 - __main__ - INFO - NF-e 258600 não encontrada - atualizado status
2025-03-31 07:30:48,811 - __main__ - INFO - Processando NF-e 4/100: 258600 (Status atual: NAO_ENCONTRADO
2025-03-31 07:30:48,929 - __main__ - WARNING - API retornou sucesso=False: Nenhum documento localizado
2025-03-31 07:30:48,930 - __main__ - INFO - Conexão MySQL estabelecida (tentativa 1/3)
2025-03-31 07:30:48,934 - __main__ - INFO - NF-e 258600 não encontrada - atualizado status
2025-03-31 07:30:48,936 - __main__ - INFO - Processando NF-e 5/100: 258600 (Status atual: NAO_ENCONTRADO
2025-03-31 07:30:49,052 - __main__ - WARNING - API retornou sucesso=False: Nenhum documento localizado
2025-03-31 07:30:49,054 - __main__ - INFO - Conexão MySQL estabelecida (tentativa 1/3)
2025-03-31 07:30:49,057 - __main__ - INFO - NF-e 258600 não encontrada - atualizado status
2025-03-31 07:30:49,059 - __main__ - INFO - Processando NF-e 6/100: 258579 (Status atual: NAO_ENCONTRADO
2025-03-31 07:30:49,156 - __main__ - WARNING - API retornou sucesso=False: Nenhum documento localizado
2025-03-31 07:30:49,157 - __main__ - INFO - Conexão MySQL estabelecida (tentativa 1/3)
2025-03-31 07:30:49,161 - __main__ - INFO - NF-e 258579 não encontrada - atualizado status
2025-03-31 07:30:49,162 - __main__ - INFO - Processando NF-e 7/100: 258579 (Status atual: NAO_ENCONTRADO
2025-03-31 07:30:49,255 - __main__ - WARNING - API retornou sucesso=False: Nenhum documento localizado
2025-03-31 07:30:49,256 - __main__ - INFO - Conexão MySQL estabelecida (tentativa 1/3)
2025-03-31 07:30:49,259 - __main__ - INFO - NF-e 258579 não encontrada - atualizado status
2025-03-31 07:30:49,261 - __main__ - INFO - Processando NF-e 8/100: 258579 (Status atual: NAO_ENCONTRADO
2025-03-31 07:30:49,371 - __main__ - WARNING - API retornou sucesso=False: Nenhum documento localizado
2025-03-31 07:30:49,372 - __main__ - INFO - Conexão MySQL estabelecida (tentativa 1/3)
2025-03-31 07:30:49,374 - __main__ - INFO - NF-e 258579 não encontrada - atualizado status
2025-03-31 07:30:49,376 - __main__ - INFO - Processando NF-e 9/100: 258579 (Status atual: NAO_ENCONTRADO
2025-03-31 07:30:49,487 - __main__ - WARNING - API retornou sucesso=False: Nenhum documento localizado
2025-03-31 07:30:49,488 - __main__ - INFO - Conexão MySQL estabelecida (tentativa 1/3)
2025-03-31 07:30:49,491 - __main__ - INFO - NF-e 258579 não encontrada - atualizado status
2025-03-31 07:30:49,492 - __main__ - INFO - Processando NF-e 10/100: 258600 (Status atual: NAO_ENCONTRADO
2025-03-31 07:30:49,608 - __main__ - WARNING - API retornou sucesso=False: Nenhum documento localizado
2025-03-31 07:30:49,609 - __main__ - INFO - Conexão MySQL estabelecida (tentativa 1/3)
2025-03-31 07:30:49,612 - __main__ - INFO - NF-e 258600 não encontrada - atualizado status
2025-03-31 07:30:49,614 - __main__ - INFO - Processando NF-e 11/100: 258600 (Status atual: NAO_ENCONTRADO
2025-03-31 07:30:49,708 - __main__ - WARNING - API retornou sucesso=False: Nenhum documento localizado
2025-03-31 07:30:49,709 - __main__ - INFO - Conexão MySQL estabelecida (tentativa 1/3)
2025-03-31 07:30:49,712 - __main__ - INFO - NF-e 258600 não encontrada - atualizado status
2025-03-31 07:30:49,713 - __main__ - INFO - Processando NF-e 12/100: 258600 (Status atual: NAO_ENCONTRADO
2025-03-31 07:30:49,823 - __main__ - WARNING - API retornou sucesso=False: Nenhum documento localizado
2025-03-31 07:30:49,824 - __main__ - INFO - Conexão MySQL estabelecida (tentativa 1/3)
2025-03-31 07:30:49,826 - __main__ - INFO - NF-e 258600 não encontrada - atualizado status
2025-03-31 07:30:49,828 - __main__ - INFO - Processando NF-e 13/100: 258600 (Status atual: NAO_ENCONTRADO
2025-03-31 07:30:49,932 - __main__ - WARNING - API retornou sucesso=False: Nenhum documento localizado
2025-03-31 07:30:49,933 - __main__ - INFO - Conexão MySQL estabelecida (tentativa 1/3)
2025-03-31 07:30:49,937 - __main__ - INFO - NF-e 258600 não encontrada - atualizado status
2025-03-31 07:30:49,939 - __main__ - INFO - Processando NF-e 14/100: 258579 (Status atual: NAO_ENCONTRADO
2025-03-31 07:30:50,031 - __main__ - WARNING - API retornou sucesso=False: Nenhum documento localizado
2025-03-31 07:30:50,032 - __main__ - INFO - Conexão MySQL estabelecida (tentativa 1/3)
2025-03-31 07:30:50,036 - __main__ - INFO - NF-e 258579 não encontrada - atualizado status
2025-03-31 07:30:50,038 - __main__ - INFO - Processando NF-e 15/100: 258579 (Status atual: NAO_ENCONTRADO
2025-03-31 07:30:50,140 - __main__ - WARNING - API retornou sucesso=False: Nenhum documento localizado
2025-03-31 07:30:50,141 - __main__ - INFO - Conexão MySQL estabelecida (tentativa 1/3)
2025-03-31 07:30:50,145 - __main__ - INFO - NF-e 258579 não encontrada - atualizado status
2025-03-31 07:30:50,147 - __main__ - INFO - Processando NF-e 16/100: 258579 (Status atual: NAO_ENCONTRADO
2025-03-31 07:30:50,240 - __main__ - WARNING - API retornou sucesso=False: Nenhum documento localizado
2025-03-31 07:30:50,241 - __main__ - INFO - Conexão MySQL estabelecida (tentativa 1/3)
2025-03-31 07:30:50,244 - __main__ - INFO - NF-e 258579 não encontrada - atualizado status
2025-03-31 07:30:50,245 - __main__ - INFO - Processando NF-e 17/100: 258579 (Status atual: NAO_ENCONTRADO
2025-03-31 07:30:50,346 - __main__ - WARNING - API retornou sucesso=False: Nenhum documento localizado
2025-03-31 07:30:50,347 - __main__ - INFO - Conexão MySQL estabelecida (tentativa 1/3)
2025-03-31 07:30:50,350 - __main__ - INFO - NF-e 258579 não encontrada - atualizado status
2025-03-31 07:30:50,352 - __main__ - INFO - Processando NF-e 18/100: 258600 (Status atual: NAO_ENCONTRADO
2025-03-31 07:30:50,459 - __main__ - WARNING - API retornou sucesso=False: Nenhum documento localizado
2025-03-31 07:30:50,460 - __main__ - INFO - Conexão MySQL estabelecida (tentativa 1/3)
2025-03-31 07:30:50,463 - __main__ - INFO - NF-e 258600 não encontrada - atualizado status
2025-03-31 07:30:50,464 - __main__ - INFO - Processando NF-e 19/100: 258600 (Status atual: NAO_ENCONTRADO
2025-03-31 07:30:50,555 - __main__ - WARNING - API retornou sucesso=False: Nenhum documento localizado
2025-03-31 07:30:50,556 - __main__ - INFO - Conexão MySQL estabelecida (tentativa 1/3)
2025-03-31 07:30:50,558 - __main__ - INFO - NF-e 258600 não encontrada - atualizado status
2025-03-31 07:30:50,560 - __main__ - INFO - Processando NF-e 20/100: 258600 (Status atual: NAO_ENCONTRADO
2025-03-31 07:30:50,652 - __main__ - WARNING - API retornou sucesso=False: Nenhum documento localizado
2025-03-31 07:30:50,653 - __main__ - INFO - Conexão MySQL estabelecida (tentativa 1/3)
2025-03-31 07:30:50,655 - __main__ - INFO - NF-e 258600 não encontrada - atualizado status
2025-03-31 07:30:50,656 - __main__ - INFO - Processando NF-e 21/100: 258579 (Status atual: NAO_ENCONTRADO
2025-03-31 07:30:50,758 - __main__ - WARNING - API retornou sucesso=False: Nenhum documento localizado
2025-03-31 07:30:50,759 - __main__ - INFO - Conexão MySQL estabelecida (tentativa 1/3)
2025-03-31 07:30:50,761 - __main__ - INFO - NF-e 258579 não encontrada - atualizado status
2025-03-31 07:30:50,763 - __main__ - INFO - Processando NF-e 22/100: 258579 (Status atual: NAO_ENCONTRADO
2025-03-31 07:30:50,873 - __main__ - WARNING - API retornou sucesso=False: Nenhum documento localizado
2025-03-31 07:30:50,874 - __main__ - INFO - Conexão MySQL estabelecida (tentativa 1/3)
2025-03-31 07:30:50,877 - __main__ - INFO - NF-e 258579 não encontrada - atualizado status
2025-03-31 07:30:50,879 - __main__ - INFO - Processando NF-e 23/100: 258598 (Status atual: NAO_ENCONTRADO
2025-03-31 07:30:50,987 - __main__ - WARNING - API retornou sucesso=False: Nenhum documento localizado
2025-03-31 07:30:50,988 - __main__ - INFO - Conexão MySQL estabelecida (tentativa 1/3)
2025-03-31 07:30:50,992 - __main__ - INFO - NF-e 258598 não encontrada - atualizado status
2025-03-31 07:30:50,993 - __main__ - INFO - Processando NF-e 24/100: 258598 (Status atual: NAO_ENCONTRADO
2025-03-31 07:30:51,119 - __main__ - WARNING - API retornou sucesso=False: Nenhum documento localizado
2025-03-31 07:30:51,121 - __main__ - INFO - Conexão MySQL estabelecida (tentativa 1/3)
2025-03-31 07:30:51,123 - __main__ - INFO - NF-e 258598 não encontrada - atualizado status
2025-03-31 07:30:51,125 - __main__ - INFO - Processando NF-e 25/100: 258598 (Status atual: NAO_ENCONTRADO
2025-03-31 07:30:51,251 - __main__ - WARNING - API retornou sucesso=False: Nenhum documento localizado
2025-03-31 07:30:51,252 - __main__ - INFO - Conexão MySQL estabelecida (tentativa 1/3)
2025-03-31 07:30:51,256 - __main__ - INFO - NF-e 258598 não encontrada - atualizado status
2025-03-31 07:30:51,258 - __main__ - INFO - Processando NF-e 26/100: 258598 (Status atual: NAO_ENCONTRADO
2025-03-31 07:30:51,393 - __main__ - WARNING - API retornou sucesso=False: Nenhum documento localizado
2025-03-31 07:30:51,394 - __main__ - INFO - Conexão MySQL estabelecida (tentativa 1/3)
2025-03-31 07:30:51,396 - __main__ - INFO - NF-e 258598 não encontrada - atualizado status
2025-03-31 07:30:51,398 - __main__ - INFO - Processando NF-e 27/100: 258598 (Status atual: NAO_ENCONTRADO
2025-03-31 07:30:51,511 - __main__ - WARNING - API retornou sucesso=False: Nenhum documento localizado
2025-03-31 07:30:51,512 - __main__ - INFO - Conexão MySQL estabelecida (tentativa 1/3)
2025-03-31 07:30:51,515 - __main__ - INFO - NF-e 258598 não encontrada - atualizado status
2025-03-31 07:30:51,517 - __main__ - INFO - Processando NF-e 28/100: 258598 (Status atual: NAO_ENCONTRADO
2025-03-31 07:30:51,622 - __main__ - WARNING - API retornou sucesso=False: Nenhum documento localizado
2025-03-31 07:30:51,623 - __main__ - INFO - Conexão MySQL estabelecida (tentativa 1/3)
2025-03-31 07:30:51,626 - __main__ - INFO - NF-e 258598 não encontrada - atualizado status
2025-03-31 07:30:51,628 - __main__ - INFO - Processando NF-e 29/100: 258598 (Status atual: NAO_ENCONTRADO
2025-03-31 07:30:51,747 - __main__ - WARNING - API retornou sucesso=False: Nenhum documento localizado
2025-03-31 07:30:51,748 - __main__ - INFO - Conexão MySQL estabelecida (tentativa 1/3)
2025-03-31 07:30:51,751 - __main__ - INFO - NF-e 258598 não encontrada - atualizado status
2025-03-31 07:30:51,753 - __main__ - INFO - Processando NF-e 30/100: 258598 (Status atual: NAO_ENCONTRADO
2025-03-31 07:30:51,862 - __main__ - WARNING - API retornou sucesso=False: Nenhum documento localizado
2025-03-31 07:30:51,863 - __main__ - INFO - Conexão MySQL estabelecida (tentativa 1/3)
2025-03-31 07:30:51,866 - __main__ - INFO - NF-e 258598 não encontrada - atualizado status
2025-03-31 07:30:51,868 - __main__ - INFO - Processando NF-e 31/100: 258598 (Status atual: NAO_ENCONTRADO
2025-03-31 07:30:51,993 - __main__ - WARNING - API retornou sucesso=False: Nenhum documento localizado
2025-03-31 07:30:51,994 - __main__ - INFO - Conexão MySQL estabelecida (tentativa 1/3)
2025-03-31 07:30:51,997 - __main__ - INFO - NF-e 258598 não encontrada - atualizado status
2025-03-31 07:30:51,999 - __main__ - INFO - Processando NF-e 32/100: 258598 (Status atual: NAO_ENCONTRADO
2025-03-31 07:30:52,093 - __main__ - WARNING - API retornou sucesso=False: Nenhum documento localizado
2025-03-31 07:30:52,094 - __main__ - INFO - Conexão MySQL estabelecida (tentativa 1/3)
2025-03-31 07:30:52,097 - __main__ - INFO - NF-e 258598 não encontrada - atualizado status
2025-03-31 07:30:52,098 - __main__ - INFO - Processando NF-e 33/100: 258598 (Status atual: NAO_ENCONTRADO
2025-03-31 07:30:52,193 - __main__ - WARNING - API retornou sucesso=False: Nenhum documento localizado
2025-03-31 07:30:52,194 - __main__ - INFO - Conexão MySQL estabelecida (tentativa 1/3)
2025-03-31 07:30:52,197 - __main__ - INFO - NF-e 258598 não encontrada - atualizado status
2025-03-31 07:30:52,198 - __main__ - INFO - Processando NF-e 34/100: 258599 (Status atual: NAO_ENCONTRADO
2025-03-31 07:30:52,298 - __main__ - WARNING - API retornou sucesso=False: Nenhum documento localizado
2025-03-31 07:30:52,299 - __main__ - INFO - Conexão MySQL estabelecida (tentativa 1/3)
2025-03-31 07:30:52,301 - __main__ - INFO - NF-e 258599 não encontrada - atualizado status
2025-03-31 07:30:52,303 - __main__ - INFO - Processando NF-e 35/100: 258599 (Status atual: NAO_ENCONTRADO
2025-03-31 07:30:52,403 - __main__ - WARNING - API retornou sucesso=False: Nenhum documento localizado
2025-03-31 07:30:52,404 - __main__ - INFO - Conexão MySQL estabelecida (tentativa 1/3)
2025-03-31 07:30:52,406 - __main__ - INFO - NF-e 258599 não encontrada - atualizado status
2025-03-31 07:30:52,408 - __main__ - INFO - Processando NF-e 36/100: 258599 (Status atual: NAO_ENCONTRADO
2025-03-31 07:30:52,500 - __main__ - WARNING - API retornou sucesso=False: Nenhum documento localizado
2025-03-31 07:30:52,501 - __main__ - INFO - Conexão MySQL estabelecida (tentativa 1/3)
2025-03-31 07:30:52,504 - __main__ - INFO - NF-e 258599 não encontrada - atualizado status
2025-03-31 07:30:52,505 - __main__ - INFO - Processando NF-e 37/100: 258599 (Status atual: NAO_ENCONTRADO
2025-03-31 07:30:52,603 - __main__ - WARNING - API retornou sucesso=False: Nenhum documento localizado
2025-03-31 07:30:52,604 - __main__ - INFO - Conexão MySQL estabelecida (tentativa 1/3)
2025-03-31 07:30:52,607 - __main__ - INFO - NF-e 258599 não encontrada - atualizado status
2025-03-31 07:30:52,608 - __main__ - INFO - Processando NF-e 38/100: 258599 (Status atual: NAO_ENCONTRADO
2025-03-31 07:30:52,699 - __main__ - WARNING - API retornou sucesso=False: Nenhum documento localizado
2025-03-31 07:30:52,700 - __main__ - INFO - Conexão MySQL estabelecida (tentativa 1/3)
2025-03-31 07:30:52,703 - __main__ - INFO - NF-e 258599 não encontrada - atualizado status
2025-03-31 07:30:52,705 - __main__ - INFO - Processando NF-e 39/100: 258599 (Status atual: NAO_ENCONTRADO
2025-03-31 07:30:52,799 - __main__ - WARNING - API retornou sucesso=False: Nenhum documento localizado
2025-03-31 07:30:52,800 - __main__ - INFO - Conexão MySQL estabelecida (tentativa 1/3)
2025-03-31 07:30:52,803 - __main__ - INFO - NF-e 258599 não encontrada - atualizado status
2025-03-31 07:30:52,805 - __main__ - INFO - Processando NF-e 40/100: 258599 (Status atual: NAO_ENCONTRADO
2025-03-31 07:30:52,898 - __main__ - WARNING - API retornou sucesso=False: Nenhum documento localizado
2025-03-31 07:30:52,899 - __main__ - INFO - Conexão MySQL estabelecida (tentativa 1/3)
2025-03-31 07:30:52,902 - __main__ - INFO - NF-e 258599 não encontrada - atualizado status
2025-03-31 07:30:52,904 - __main__ - INFO - Processando NF-e 41/100: 258599 (Status atual: NAO_ENCONTRADO
2025-03-31 07:30:53,015 - __main__ - WARNING - API retornou sucesso=False: Nenhum documento localizado
2025-03-31 07:30:53,016 - __main__ - INFO - Conexão MySQL estabelecida (tentativa 1/3)
2025-03-31 07:30:53,018 - __main__ - INFO - NF-e 258599 não encontrada - atualizado status
2025-03-31 07:30:53,020 - __main__ - INFO - Processando NF-e 42/100: 258599 (Status atual: NAO_ENCONTRADO
2025-03-31 07:30:53,133 - __main__ - WARNING - API retornou sucesso=False: Nenhum documento localizado
2025-03-31 07:30:53,134 - __main__ - INFO - Conexão MySQL estabelecida (tentativa 1/3)
2025-03-31 07:30:53,138 - __main__ - INFO - NF-e 258599 não encontrada - atualizado status
2025-03-31 07:30:53,139 - __main__ - INFO - Processando NF-e 43/100: 258599 (Status atual: NAO_ENCONTRADO
2025-03-31 07:30:53,256 - __main__ - WARNING - API retornou sucesso=False: Nenhum documento localizado
2025-03-31 07:30:53,257 - __main__ - INFO - Conexão MySQL estabelecida (tentativa 1/3)
2025-03-31 07:30:53,259 - __main__ - INFO - NF-e 258599 não encontrada - atualizado status
2025-03-31 07:30:53,261 - __main__ - INFO - Processando NF-e 44/100: 258599 (Status atual: NAO_ENCONTRADO
2025-03-31 07:30:53,354 - __main__ - WARNING - API retornou sucesso=False: Nenhum documento localizado
2025-03-31 07:30:53,355 - __main__ - INFO - Conexão MySQL estabelecida (tentativa 1/3)
2025-03-31 07:30:53,358 - __main__ - INFO - NF-e 258599 não encontrada - atualizado status
2025-03-31 07:30:53,360 - __main__ - INFO - Processando NF-e 45/100: 258755 (Status atual: NAO_ENCONTRADO
2025-03-31 07:30:53,460 - __main__ - WARNING - API retornou sucesso=False: Nenhum documento localizado
2025-03-31 07:30:53,461 - __main__ - INFO - Conexão MySQL estabelecida (tentativa 1/3)
2025-03-31 07:30:53,463 - __main__ - INFO - NF-e 258755 não encontrada - atualizado status
2025-03-31 07:30:53,465 - __main__ - INFO - Processando NF-e 46/100: 258755 (Status atual: NAO_ENCONTRADO
2025-03-31 07:30:53,567 - __main__ - WARNING - API retornou sucesso=False: Nenhum documento localizado
2025-03-31 07:30:53,568 - __main__ - INFO - Conexão MySQL estabelecida (tentativa 1/3)
2025-03-31 07:30:53,571 - __main__ - INFO - NF-e 258755 não encontrada - atualizado status
2025-03-31 07:30:53,573 - __main__ - INFO - Processando NF-e 47/100: 258755 (Status atual: NAO_ENCONTRADO
2025-03-31 07:30:53,697 - __main__ - WARNING - API retornou sucesso=False: Nenhum documento localizado
2025-03-31 07:30:53,698 - __main__ - INFO - Conexão MySQL estabelecida (tentativa 1/3)
2025-03-31 07:30:53,702 - __main__ - INFO - NF-e 258755 não encontrada - atualizado status
2025-03-31 07:30:53,704 - __main__ - INFO - Processando NF-e 48/100: 258755 (Status atual: NAO_ENCONTRADO
2025-03-31 07:30:53,841 - __main__ - WARNING - API retornou sucesso=False: Nenhum documento localizado
2025-03-31 07:30:53,842 - __main__ - INFO - Conexão MySQL estabelecida (tentativa 1/3)
2025-03-31 07:30:53,845 - __main__ - INFO - NF-e 258755 não encontrada - atualizado status
2025-03-31 07:30:53,847 - __main__ - INFO - Processando NF-e 49/100: 258755 (Status atual: NAO_ENCONTRADO
2025-03-31 07:30:53,968 - __main__ - WARNING - API retornou sucesso=False: Nenhum documento localizado
2025-03-31 07:30:53,971 - __main__ - INFO - Conexão MySQL estabelecida (tentativa 1/3)
2025-03-31 07:30:53,975 - __main__ - INFO - NF-e 258755 não encontrada - atualizado status
2025-03-31 07:30:53,977 - __main__ - INFO - Processando NF-e 50/100: 258755 (Status atual: NAO_ENCONTRADO
2025-03-31 07:30:54,114 - __main__ - WARNING - API retornou sucesso=False: Nenhum documento localizado
2025-03-31 07:30:54,115 - __main__ - INFO - Conexão MySQL estabelecida (tentativa 1/3)
2025-03-31 07:30:54,120 - __main__ - INFO - NF-e 258755 não encontrada - atualizado status
2025-03-31 07:30:54,122 - __main__ - INFO - Processando NF-e 51/100: 258755 (Status atual: NAO_ENCONTRADO
2025-03-31 07:30:54,226 - __main__ - WARNING - API retornou sucesso=False: Nenhum documento localizado
2025-03-31 07:30:54,227 - __main__ - INFO - Conexão MySQL estabelecida (tentativa 1/3)
2025-03-31 07:30:54,230 - __main__ - INFO - NF-e 258755 não encontrada - atualizado status
2025-03-31 07:30:54,231 - __main__ - INFO - Processando NF-e 52/100: 258755 (Status atual: NAO_ENCONTRADO
2025-03-31 07:30:54,325 - __main__ - WARNING - API retornou sucesso=False: Nenhum documento localizado
2025-03-31 07:30:54,326 - __main__ - INFO - Conexão MySQL estabelecida (tentativa 1/3)
2025-03-31 07:30:54,328 - __main__ - INFO - NF-e 258755 não encontrada - atualizado status
2025-03-31 07:30:54,330 - __main__ - INFO - Processando NF-e 53/100: 258755 (Status atual: NAO_ENCONTRADO
2025-03-31 07:30:54,423 - __main__ - WARNING - API retornou sucesso=False: Nenhum documento localizado
2025-03-31 07:30:54,424 - __main__ - INFO - Conexão MySQL estabelecida (tentativa 1/3)
2025-03-31 07:30:54,426 - __main__ - INFO - NF-e 258755 não encontrada - atualizado status
2025-03-31 07:30:54,428 - __main__ - INFO - Processando NF-e 54/100: 258755 (Status atual: NAO_ENCONTRADO
2025-03-31 07:30:54,545 - __main__ - WARNING - API retornou sucesso=False: Nenhum documento localizado
2025-03-31 07:30:54,545 - __main__ - INFO - Conexão MySQL estabelecida (tentativa 1/3)
2025-03-31 07:30:54,548 - __main__ - INFO - NF-e 258755 não encontrada - atualizado status
2025-03-31 07:30:54,549 - __main__ - INFO - Processando NF-e 55/100: 258755 (Status atual: NAO_ENCONTRADO
2025-03-31 07:30:54,641 - __main__ - WARNING - API retornou sucesso=False: Nenhum documento localizado
2025-03-31 07:30:54,642 - __main__ - INFO - Conexão MySQL estabelecida (tentativa 1/3)
2025-03-31 07:30:54,645 - __main__ - INFO - NF-e 258755 não encontrada - atualizado status
2025-03-31 07:30:54,646 - __main__ - INFO - Processando NF-e 56/100: 259481 (Status atual: NAO_ENCONTRADO
2025-03-31 07:30:54,750 - __main__ - WARNING - API retornou sucesso=False: Nenhum documento localizado
2025-03-31 07:30:54,751 - __main__ - INFO - Conexão MySQL estabelecida (tentativa 1/3)
2025-03-31 07:30:54,755 - __main__ - INFO - NF-e 259481 não encontrada - atualizado status
2025-03-31 07:30:54,756 - __main__ - INFO - Processando NF-e 57/100: 259481 (Status atual: NAO_ENCONTRADO
2025-03-31 07:30:54,846 - __main__ - WARNING - API retornou sucesso=False: Nenhum documento localizado
2025-03-31 07:30:54,847 - __main__ - INFO - Conexão MySQL estabelecida (tentativa 1/3)
2025-03-31 07:30:54,851 - __main__ - INFO - NF-e 259481 não encontrada - atualizado status
2025-03-31 07:30:54,852 - __main__ - INFO - Processando NF-e 58/100: 259481 (Status atual: NAO_ENCONTRADO
2025-03-31 07:30:54,946 - __main__ - WARNING - API retornou sucesso=False: Nenhum documento localizado
2025-03-31 07:30:54,947 - __main__ - INFO - Conexão MySQL estabelecida (tentativa 1/3)
2025-03-31 07:30:54,949 - __main__ - INFO - NF-e 259481 não encontrada - atualizado status
2025-03-31 07:30:54,951 - __main__ - INFO - Processando NF-e 59/100: 259481 (Status atual: NAO_ENCONTRADO
2025-03-31 07:30:55,052 - __main__ - WARNING - API retornou sucesso=False: Nenhum documento localizado
2025-03-31 07:30:55,053 - __main__ - INFO - Conexão MySQL estabelecida (tentativa 1/3)
2025-03-31 07:30:55,056 - __main__ - INFO - NF-e 259481 não encontrada - atualizado status
2025-03-31 07:30:55,057 - __main__ - INFO - Processando NF-e 60/100: 259481 (Status atual: NAO_ENCONTRADO
2025-03-31 07:30:55,167 - __main__ - WARNING - API retornou sucesso=False: Nenhum documento localizado
2025-03-31 07:30:55,168 - __main__ - INFO - Conexão MySQL estabelecida (tentativa 1/3)
2025-03-31 07:30:55,171 - __main__ - INFO - NF-e 259481 não encontrada - atualizado status
2025-03-31 07:30:55,173 - __main__ - INFO - Processando NF-e 61/100: 259481 (Status atual: NAO_ENCONTRADO
2025-03-31 07:30:55,294 - __main__ - WARNING - API retornou sucesso=False: Nenhum documento localizado
2025-03-31 07:30:55,295 - __main__ - INFO - Conexão MySQL estabelecida (tentativa 1/3)
2025-03-31 07:30:55,298 - __main__ - INFO - NF-e 259481 não encontrada - atualizado status
2025-03-31 07:30:55,299 - __main__ - INFO - Processando NF-e 62/100: 259481 (Status atual: NAO_ENCONTRADO
2025-03-31 07:30:55,402 - __main__ - WARNING - API retornou sucesso=False: Nenhum documento localizado
2025-03-31 07:30:55,403 - __main__ - INFO - Conexão MySQL estabelecida (tentativa 1/3)
2025-03-31 07:30:55,405 - __main__ - INFO - NF-e 259481 não encontrada - atualizado status
2025-03-31 07:30:55,407 - __main__ - INFO - Processando NF-e 63/100: 259481 (Status atual: NAO_ENCONTRADO
2025-03-31 07:30:55,528 - __main__ - WARNING - API retornou sucesso=False: Nenhum documento localizado
2025-03-31 07:30:55,529 - __main__ - INFO - Conexão MySQL estabelecida (tentativa 1/3)
2025-03-31 07:30:55,531 - __main__ - INFO - NF-e 259481 não encontrada - atualizado status
2025-03-31 07:30:55,533 - __main__ - INFO - Processando NF-e 64/100: 259481 (Status atual: NAO_ENCONTRADO
2025-03-31 07:30:55,645 - __main__ - WARNING - API retornou sucesso=False: Nenhum documento localizado
2025-03-31 07:30:55,646 - __main__ - INFO - Conexão MySQL estabelecida (tentativa 1/3)
2025-03-31 07:30:55,649 - __main__ - INFO - NF-e 259481 não encontrada - atualizado status
2025-03-31 07:30:55,650 - __main__ - INFO - Processando NF-e 65/100: 259481 (Status atual: NAO_ENCONTRADO
2025-03-31 07:30:55,764 - __main__ - WARNING - API retornou sucesso=False: Nenhum documento localizado
2025-03-31 07:30:55,765 - __main__ - INFO - Conexão MySQL estabelecida (tentativa 1/3)
2025-03-31 07:30:55,767 - __main__ - INFO - NF-e 259481 não encontrada - atualizado status
2025-03-31 07:30:55,769 - __main__ - INFO - Processando NF-e 66/100: 259481 (Status atual: NAO_ENCONTRADO
2025-03-31 07:30:55,870 - __main__ - WARNING - API retornou sucesso=False: Nenhum documento localizado
2025-03-31 07:30:55,871 - __main__ - INFO - Conexão MySQL estabelecida (tentativa 1/3)
2025-03-31 07:30:55,873 - __main__ - INFO - NF-e 259481 não encontrada - atualizado status
2025-03-31 07:30:55,875 - __main__ - INFO - Processando NF-e 67/100: 260562 (Status atual: NAO_ENCONTRADO
2025-03-31 07:30:55,987 - __main__ - WARNING - API retornou sucesso=False: Nenhum documento localizado
2025-03-31 07:30:55,988 - __main__ - INFO - Conexão MySQL estabelecida (tentativa 1/3)
2025-03-31 07:30:55,991 - __main__ - INFO - NF-e 260562 não encontrada - atualizado status
2025-03-31 07:30:55,992 - __main__ - INFO - Processando NF-e 68/100: 260562 (Status atual: NAO_ENCONTRADO
2025-03-31 07:30:56,101 - __main__ - WARNING - API retornou sucesso=False: Nenhum documento localizado
2025-03-31 07:30:56,102 - __main__ - INFO - Conexão MySQL estabelecida (tentativa 1/3)
2025-03-31 07:30:56,104 - __main__ - INFO - NF-e 260562 não encontrada - atualizado status
2025-03-31 07:30:56,106 - __main__ - INFO - Processando NF-e 69/100: 260562 (Status atual: NAO_ENCONTRADO
2025-03-31 07:30:56,200 - __main__ - WARNING - API retornou sucesso=False: Nenhum documento localizado
2025-03-31 07:30:56,201 - __main__ - INFO - Conexão MySQL estabelecida (tentativa 1/3)
2025-03-31 07:30:56,204 - __main__ - INFO - NF-e 260562 não encontrada - atualizado status
2025-03-31 07:30:56,205 - __main__ - INFO - Processando NF-e 70/100: 260562 (Status atual: NAO_ENCONTRADO
2025-03-31 07:30:56,308 - __main__ - WARNING - API retornou sucesso=False: Nenhum documento localizado
2025-03-31 07:30:56,309 - __main__ - INFO - Conexão MySQL estabelecida (tentativa 1/3)
2025-03-31 07:30:56,311 - __main__ - INFO - NF-e 260562 não encontrada - atualizado status
2025-03-31 07:30:56,313 - __main__ - INFO - Processando NF-e 71/100: 260562 (Status atual: NAO_ENCONTRADO
2025-03-31 07:30:56,425 - __main__ - WARNING - API retornou sucesso=False: Nenhum documento localizado
2025-03-31 07:30:56,426 - __main__ - INFO - Conexão MySQL estabelecida (tentativa 1/3)
2025-03-31 07:30:56,429 - __main__ - INFO - NF-e 260562 não encontrada - atualizado status
2025-03-31 07:30:56,430 - __main__ - INFO - Processando NF-e 72/100: 260562 (Status atual: NAO_ENCONTRADO
2025-03-31 07:30:56,524 - __main__ - WARNING - API retornou sucesso=False: Nenhum documento localizado
2025-03-31 07:30:56,525 - __main__ - INFO - Conexão MySQL estabelecida (tentativa 1/3)
2025-03-31 07:30:56,527 - __main__ - INFO - NF-e 260562 não encontrada - atualizado status
2025-03-31 07:30:56,529 - __main__ - INFO - Processando NF-e 73/100: 260562 (Status atual: NAO_ENCONTRADO
2025-03-31 07:30:56,623 - __main__ - WARNING - API retornou sucesso=False: Nenhum documento localizado
2025-03-31 07:30:56,624 - __main__ - INFO - Conexão MySQL estabelecida (tentativa 1/3)
2025-03-31 07:30:56,627 - __main__ - INFO - NF-e 260562 não encontrada - atualizado status
2025-03-31 07:30:56,628 - __main__ - INFO - Processando NF-e 74/100: 260562 (Status atual: NAO_ENCONTRADO
2025-03-31 07:30:56,747 - __main__ - WARNING - API retornou sucesso=False: Nenhum documento localizado
2025-03-31 07:30:56,748 - __main__ - INFO - Conexão MySQL estabelecida (tentativa 1/3)
2025-03-31 07:30:56,750 - __main__ - INFO - NF-e 260562 não encontrada - atualizado status
2025-03-31 07:30:56,751 - __main__ - INFO - Processando NF-e 75/100: 260562 (Status atual: NAO_ENCONTRADO
2025-03-31 07:30:56,848 - __main__ - WARNING - API retornou sucesso=False: Nenhum documento localizado
2025-03-31 07:30:56,849 - __main__ - INFO - Conexão MySQL estabelecida (tentativa 1/3)
2025-03-31 07:30:56,851 - __main__ - INFO - NF-e 260562 não encontrada - atualizado status
2025-03-31 07:30:56,853 - __main__ - INFO - Processando NF-e 76/100: 260562 (Status atual: NAO_ENCONTRADO
2025-03-31 07:30:56,963 - __main__ - WARNING - API retornou sucesso=False: Nenhum documento localizado
2025-03-31 07:30:56,964 - __main__ - INFO - Conexão MySQL estabelecida (tentativa 1/3)
2025-03-31 07:30:56,967 - __main__ - INFO - NF-e 260562 não encontrada - atualizado status
2025-03-31 07:30:56,968 - __main__ - INFO - Processando NF-e 77/100: 260562 (Status atual: NAO_ENCONTRADO
2025-03-31 07:30:57,086 - __main__ - WARNING - API retornou sucesso=False: Nenhum documento localizado
2025-03-31 07:30:57,087 - __main__ - INFO - Conexão MySQL estabelecida (tentativa 1/3)
2025-03-31 07:30:57,090 - __main__ - INFO - NF-e 260562 não encontrada - atualizado status
2025-03-31 07:30:57,091 - __main__ - INFO - Processando NF-e 78/100: 260561 (Status atual: NAO_ENCONTRADO
2025-03-31 07:30:57,197 - __main__ - WARNING - API retornou sucesso=False: Nenhum documento localizado
2025-03-31 07:30:57,198 - __main__ - INFO - Conexão MySQL estabelecida (tentativa 1/3)
2025-03-31 07:30:57,201 - __main__ - INFO - NF-e 260561 não encontrada - atualizado status
2025-03-31 07:30:57,202 - __main__ - INFO - Processando NF-e 79/100: 260561 (Status atual: NAO_ENCONTRADO
2025-03-31 07:30:57,296 - __main__ - WARNING - API retornou sucesso=False: Nenhum documento localizado
2025-03-31 07:30:57,297 - __main__ - INFO - Conexão MySQL estabelecida (tentativa 1/3)
2025-03-31 07:30:57,300 - __main__ - INFO - NF-e 260561 não encontrada - atualizado status
2025-03-31 07:30:57,301 - __main__ - INFO - Processando NF-e 80/100: 260561 (Status atual: NAO_ENCONTRADO
2025-03-31 07:30:57,403 - __main__ - WARNING - API retornou sucesso=False: Nenhum documento localizado
2025-03-31 07:30:57,404 - __main__ - INFO - Conexão MySQL estabelecida (tentativa 1/3)
2025-03-31 07:30:57,406 - __main__ - INFO - NF-e 260561 não encontrada - atualizado status
2025-03-31 07:30:57,408 - __main__ - INFO - Processando NF-e 81/100: 260561 (Status atual: NAO_ENCONTRADO
2025-03-31 07:30:57,537 - __main__ - WARNING - API retornou sucesso=False: Nenhum documento localizado
2025-03-31 07:30:57,538 - __main__ - INFO - Conexão MySQL estabelecida (tentativa 1/3)
2025-03-31 07:30:57,541 - __main__ - INFO - NF-e 260561 não encontrada - atualizado status
2025-03-31 07:30:57,542 - __main__ - INFO - Processando NF-e 82/100: 260561 (Status atual: NAO_ENCONTRADO
2025-03-31 07:30:57,644 - __main__ - WARNING - API retornou sucesso=False: Nenhum documento localizado
2025-03-31 07:30:57,645 - __main__ - INFO - Conexão MySQL estabelecida (tentativa 1/3)
2025-03-31 07:30:57,647 - __main__ - INFO - NF-e 260561 não encontrada - atualizado status
2025-03-31 07:30:57,649 - __main__ - INFO - Processando NF-e 83/100: 260561 (Status atual: NAO_ENCONTRADO
2025-03-31 07:30:57,742 - __main__ - WARNING - API retornou sucesso=False: Nenhum documento localizado
2025-03-31 07:30:57,743 - __main__ - INFO - Conexão MySQL estabelecida (tentativa 1/3)
2025-03-31 07:30:57,745 - __main__ - INFO - NF-e 260561 não encontrada - atualizado status
2025-03-31 07:30:57,747 - __main__ - INFO - Processando NF-e 84/100: 260561 (Status atual: NAO_ENCONTRADO
2025-03-31 07:30:57,861 - __main__ - WARNING - API retornou sucesso=False: Nenhum documento localizado
2025-03-31 07:30:57,862 - __main__ - INFO - Conexão MySQL estabelecida (tentativa 1/3)
2025-03-31 07:30:57,864 - __main__ - INFO - NF-e 260561 não encontrada - atualizado status
2025-03-31 07:30:57,866 - __main__ - INFO - Processando NF-e 85/100: 260561 (Status atual: NAO_ENCONTRADO
2025-03-31 07:30:57,985 - __main__ - WARNING - API retornou sucesso=False: Nenhum documento localizado
2025-03-31 07:30:57,986 - __main__ - INFO - Conexão MySQL estabelecida (tentativa 1/3)
2025-03-31 07:30:57,988 - __main__ - INFO - NF-e 260561 não encontrada - atualizado status
2025-03-31 07:30:57,990 - __main__ - INFO - Processando NF-e 86/100: 260561 (Status atual: NAO_ENCONTRADO
2025-03-31 07:30:58,094 - __main__ - WARNING - API retornou sucesso=False: Nenhum documento localizado
2025-03-31 07:30:58,095 - __main__ - INFO - Conexão MySQL estabelecida (tentativa 1/3)
2025-03-31 07:30:58,097 - __main__ - INFO - NF-e 260561 não encontrada - atualizado status
2025-03-31 07:30:58,099 - __main__ - INFO - Processando NF-e 87/100: 260561 (Status atual: NAO_ENCONTRADO
2025-03-31 07:30:58,192 - __main__ - WARNING - API retornou sucesso=False: Nenhum documento localizado
2025-03-31 07:30:58,193 - __main__ - INFO - Conexão MySQL estabelecida (tentativa 1/3)
2025-03-31 07:30:58,195 - __main__ - INFO - NF-e 260561 não encontrada - atualizado status
2025-03-31 07:30:58,197 - __main__ - INFO - Processando NF-e 88/100: 260561 (Status atual: NAO_ENCONTRADO
2025-03-31 07:30:58,311 - __main__ - WARNING - API retornou sucesso=False: Nenhum documento localizado
2025-03-31 07:30:58,312 - __main__ - INFO - Conexão MySQL estabelecida (tentativa 1/3)
2025-03-31 07:30:58,317 - __main__ - INFO - NF-e 260561 não encontrada - atualizado status
2025-03-31 07:30:58,318 - __main__ - INFO - Processando NF-e 89/100: 260848 (Status atual: NAO_ENCONTRADO
2025-03-31 07:30:58,487 - __main__ - WARNING - API retornou sucesso=False: Nenhum documento localizado
2025-03-31 07:30:58,488 - __main__ - INFO - Conexão MySQL estabelecida (tentativa 1/3)
2025-03-31 07:30:58,491 - __main__ - INFO - NF-e 260848 não encontrada - atualizado status
2025-03-31 07:30:58,493 - __main__ - INFO - Processando NF-e 90/100: 260848 (Status atual: NAO_ENCONTRADO
2025-03-31 07:30:58,607 - __main__ - WARNING - API retornou sucesso=False: Nenhum documento localizado
2025-03-31 07:30:58,608 - __main__ - INFO - Conexão MySQL estabelecida (tentativa 1/3)
2025-03-31 07:30:58,610 - __main__ - INFO - NF-e 260848 não encontrada - atualizado status
2025-03-31 07:30:58,611 - __main__ - INFO - Processando NF-e 91/100: 260848 (Status atual: NAO_ENCONTRADO
2025-03-31 07:30:58,716 - __main__ - WARNING - API retornou sucesso=False: Nenhum documento localizado
2025-03-31 07:30:58,717 - __main__ - INFO - Conexão MySQL estabelecida (tentativa 1/3)
2025-03-31 07:30:58,719 - __main__ - INFO - NF-e 260848 não encontrada - atualizado status
2025-03-31 07:30:58,721 - __main__ - INFO - Processando NF-e 92/100: 260848 (Status atual: NAO_ENCONTRADO
2025-03-31 07:30:58,830 - __main__ - WARNING - API retornou sucesso=False: Nenhum documento localizado
2025-03-31 07:30:58,831 - __main__ - INFO - Conexão MySQL estabelecida (tentativa 1/3)
2025-03-31 07:30:58,833 - __main__ - INFO - NF-e 260848 não encontrada - atualizado status
2025-03-31 07:30:58,835 - __main__ - INFO - Processando NF-e 93/100: 260848 (Status atual: NAO_ENCONTRADO
2025-03-31 07:30:58,935 - __main__ - WARNING - API retornou sucesso=False: Nenhum documento localizado
2025-03-31 07:30:58,936 - __main__ - INFO - Conexão MySQL estabelecida (tentativa 1/3)
2025-03-31 07:30:58,939 - __main__ - INFO - NF-e 260848 não encontrada - atualizado status
2025-03-31 07:30:58,940 - __main__ - INFO - Processando NF-e 94/100: 260848 (Status atual: NAO_ENCONTRADO
2025-03-31 07:30:59,047 - __main__ - WARNING - API retornou sucesso=False: Nenhum documento localizado
2025-03-31 07:30:59,048 - __main__ - INFO - Conexão MySQL estabelecida (tentativa 1/3)
2025-03-31 07:30:59,050 - __main__ - INFO - NF-e 260848 não encontrada - atualizado status
2025-03-31 07:30:59,051 - __main__ - INFO - Processando NF-e 95/100: 260848 (Status atual: NAO_ENCONTRADO
2025-03-31 07:30:59,169 - __main__ - WARNING - API retornou sucesso=False: Nenhum documento localizado
2025-03-31 07:30:59,171 - __main__ - INFO - Conexão MySQL estabelecida (tentativa 1/3)
2025-03-31 07:30:59,173 - __main__ - INFO - NF-e 260848 não encontrada - atualizado status
2025-03-31 07:30:59,174 - __main__ - INFO - Processando NF-e 96/100: 260848 (Status atual: NAO_ENCONTRADO
2025-03-31 07:30:59,265 - __main__ - WARNING - API retornou sucesso=False: Nenhum documento localizado
2025-03-31 07:30:59,266 - __main__ - INFO - Conexão MySQL estabelecida (tentativa 1/3)
2025-03-31 07:30:59,269 - __main__ - INFO - NF-e 260848 não encontrada - atualizado status
2025-03-31 07:30:59,271 - __main__ - INFO - Processando NF-e 97/100: 260848 (Status atual: NAO_ENCONTRADO
2025-03-31 07:30:59,372 - __main__ - WARNING - API retornou sucesso=False: Nenhum documento localizado
2025-03-31 07:30:59,373 - __main__ - INFO - Conexão MySQL estabelecida (tentativa 1/3)
2025-03-31 07:30:59,376 - __main__ - INFO - NF-e 260848 não encontrada - atualizado status
2025-03-31 07:30:59,378 - __main__ - INFO - Processando NF-e 98/100: 260848 (Status atual: NAO_ENCONTRADO
2025-03-31 07:30:59,494 - __main__ - WARNING - API retornou sucesso=False: Nenhum documento localizado
2025-03-31 07:30:59,495 - __main__ - INFO - Conexão MySQL estabelecida (tentativa 1/3)
2025-03-31 07:30:59,497 - __main__ - INFO - NF-e 260848 não encontrada - atualizado status
2025-03-31 07:30:59,499 - __main__ - INFO - Processando NF-e 99/100: 260848 (Status atual: NAO_ENCONTRADO
2025-03-31 07:30:59,614 - __main__ - WARNING - API retornou sucesso=False: Nenhum documento localizado
2025-03-31 07:30:59,615 - __main__ - INFO - Conexão MySQL estabelecida (tentativa 1/3)
2025-03-31 07:30:59,618 - __main__ - INFO - NF-e 260848 não encontrada - atualizado status
2025-03-31 07:30:59,620 - __main__ - INFO - Processando NF-e 100/100: 260849 (Status atual: NAO_ENCONTRADO
2025-03-31 07:30:59,730 - __main__ - WARNING - API retornou sucesso=False: Nenhum documento localizado
2025-03-31 07:30:59,732 - __main__ - INFO - Conexão MySQL estabelecida (tentativa 1/3)
2025-03-31 07:30:59,736 - __main__ - INFO - NF-e 260849 não encontrada - atualizado status
2025-03-31 07:30:59,738 - __main__ - INFO - Processamento concluído. Total de NF-es não entregues processadas: 100
2025-03-31 07:30:59,740 - apscheduler.executors.default - INFO - Job "buscar_e_processar_nfes (trigger: interval[0:05:00], next run at: 2025-03-31 07:35:48 -03)" executed successfully
